[INFO] Scanning for projects...
[INFO] 
[INFO] -----------------------< com.catalogo:catalogo >------------------------
[INFO] Building catalogo 0.0.1-SNAPSHOT
[INFO]   from pom.xml
[INFO] --------------------------------[ jar ]---------------------------------
[INFO] 
[INFO] >>> spring-boot:3.4.0:run (default-cli) > test-compile @ catalogo >>>
[INFO] 
[INFO] --- resources:3.3.1:resources (default-resources) @ catalogo ---
[INFO] Copying 1 resource from src/main/resources to target/classes
[INFO] Copying 0 resource from src/main/resources to target/classes
[INFO] 
[INFO] --- compiler:3.13.0:compile (default-compile) @ catalogo ---
[INFO] Nothing to compile - all classes are up to date.
[INFO] 
[INFO] --- resources:3.3.1:testResources (default-testResources) @ catalogo ---
[INFO] skip non existing resourceDirectory /home/jvm/Documentos/LetterBook/backend/catalogo/src/test/resources
[INFO] 
[INFO] --- compiler:3.13.0:testCompile (default-testCompile) @ catalogo ---
[INFO] Nothing to compile - all classes are up to date.
[INFO] 
[INFO] <<< spring-boot:3.4.0:run (default-cli) < test-compile @ catalogo <<<
[INFO] 
[INFO] 
[INFO] --- spring-boot:3.4.0:run (default-cli) @ catalogo ---
[INFO] Attaching agents: []

  .   ____          _            __ _ _
 /\\ / ___'_ __ _ _(_)_ __  __ _ \ \ \ \
( ( )\___ | '_ | '_| | '_ \/ _` | \ \ \ \
 \\/  ___)| |_)| | | | | || (_| |  ) ) ) )
  '  |____| .__|_| |_|_| |_\__, | / / / /
 =========|_|==============|___/=/_/_/_/

 :: Spring Boot ::                (v3.4.0)

2025-12-12T06:08:46.251-05:00  INFO 85379 --- [catalogo] [           main] c.catalogo.catalogo.CatalogoApplication  : Starting CatalogoApplication using Java 21.0.9 with PID 85379 (/home/jvm/Documentos/LetterBook/backend/catalogo/target/classes started by jvm in /home/jvm/Documentos/LetterBook/backend/catalogo)
2025-12-12T06:08:46.261-05:00  INFO 85379 --- [catalogo] [           main] c.catalogo.catalogo.CatalogoApplication  : No active profile set, falling back to 1 default profile: "default"
2025-12-12T06:08:48.625-05:00  INFO 85379 --- [catalogo] [           main] .s.d.r.c.RepositoryConfigurationDelegate : Bootstrapping Spring Data JPA repositories in DEFAULT mode.
2025-12-12T06:08:48.883-05:00  INFO 85379 --- [catalogo] [           main] .s.d.r.c.RepositoryConfigurationDelegate : Finished Spring Data repository scanning in 177 ms. Found 4 JPA repository interfaces.
2025-12-12T06:08:50.047-05:00  INFO 85379 --- [catalogo] [           main] o.s.b.w.embedded.tomcat.TomcatWebServer  : Tomcat initialized with port 8081 (http)
2025-12-12T06:08:50.078-05:00  INFO 85379 --- [catalogo] [           main] o.apache.catalina.core.StandardService   : Starting service [Tomcat]
2025-12-12T06:08:50.079-05:00  INFO 85379 --- [catalogo] [           main] o.apache.catalina.core.StandardEngine    : Starting Servlet engine: [Apache Tomcat/10.1.33]
2025-12-12T06:08:50.149-05:00  INFO 85379 --- [catalogo] [           main] o.a.c.c.C.[Tomcat].[localhost].[/]       : Initializing Spring embedded WebApplicationContext
2025-12-12T06:08:50.151-05:00  INFO 85379 --- [catalogo] [           main] w.s.c.ServletWebServerApplicationContext : Root WebApplicationContext: initialization completed in 3737 ms
2025-12-12T06:08:50.381-05:00  INFO 85379 --- [catalogo] [           main] o.hibernate.jpa.internal.util.LogHelper  : HHH000204: Processing PersistenceUnitInfo [name: default]
2025-12-12T06:08:50.481-05:00  INFO 85379 --- [catalogo] [           main] org.hibernate.Version                    : HHH000412: Hibernate ORM core version 6.6.2.Final
2025-12-12T06:08:50.544-05:00  INFO 85379 --- [catalogo] [           main] o.h.c.internal.RegionFactoryInitiator    : HHH000026: Second-level cache disabled
2025-12-12T06:08:51.104-05:00  INFO 85379 --- [catalogo] [           main] o.s.o.j.p.SpringPersistenceUnitInfo      : No LoadTimeWeaver setup: ignoring JPA class transformer
2025-12-12T06:08:51.188-05:00  INFO 85379 --- [catalogo] [           main] com.zaxxer.hikari.HikariDataSource       : HikariPool-1 - Starting...
2025-12-12T06:08:51.819-05:00  INFO 85379 --- [catalogo] [           main] com.zaxxer.hikari.pool.HikariPool        : HikariPool-1 - Added connection org.postgresql.jdbc.PgConnection@34ab26a
2025-12-12T06:08:51.822-05:00  INFO 85379 --- [catalogo] [           main] com.zaxxer.hikari.HikariDataSource       : HikariPool-1 - Start completed.
2025-12-12T06:08:51.894-05:00  WARN 85379 --- [catalogo] [           main] org.hibernate.orm.deprecation            : HHH90000025: PostgreSQLDialect does not need to be specified explicitly using 'hibernate.dialect' (remove the property setting and it will be selected by default)
2025-12-12T06:08:51.944-05:00  INFO 85379 --- [catalogo] [           main] org.hibernate.orm.connections.pooling    : HHH10001005: Database info:
	Database JDBC URL [Connecting through datasource 'HikariDataSource (HikariPool-1)']
	Database driver: undefined/unknown
	Database version: 16.11
	Autocommit mode: undefined/unknown
	Isolation level: undefined/unknown
	Minimum pool size: undefined/unknown
	Maximum pool size: undefined/unknown
2025-12-12T06:08:53.630-05:00  INFO 85379 --- [catalogo] [           main] o.h.e.t.j.p.i.JtaPlatformInitiator       : HHH000489: No JTA platform available (set 'hibernate.transaction.jta.platform' to enable JTA platform integration)
2025-12-12T06:08:53.636-05:00  INFO 85379 --- [catalogo] [           main] j.LocalContainerEntityManagerFactoryBean : Initialized JPA EntityManagerFactory for persistence unit 'default'
2025-12-12T06:08:54.261-05:00  INFO 85379 --- [catalogo] [           main] o.s.d.j.r.query.QueryEnhancerFactory     : Hibernate is in classpath; If applicable, HQL parser will be used.
2025-12-12T06:08:54.851-05:00  WARN 85379 --- [catalogo] [           main] JpaBaseConfiguration$JpaWebConfiguration : spring.jpa.open-in-view is enabled by default. Therefore, database queries may be performed during view rendering. Explicitly configure spring.jpa.open-in-view to disable this warning
2025-12-12T06:08:55.427-05:00  INFO 85379 --- [catalogo] [           main] o.s.b.w.embedded.tomcat.TomcatWebServer  : Tomcat started on port 8081 (http) with context path '/'
2025-12-12T06:08:55.443-05:00  INFO 85379 --- [catalogo] [           main] c.catalogo.catalogo.CatalogoApplication  : Started CatalogoApplication in 10.299 seconds (process running for 11.362)
2025-12-12T06:11:19.127-05:00  INFO 85379 --- [catalogo] [nio-8081-exec-1] o.a.c.c.C.[Tomcat].[localhost].[/]       : Initializing Spring DispatcherServlet 'dispatcherServlet'
2025-12-12T06:11:19.136-05:00  INFO 85379 --- [catalogo] [nio-8081-exec-1] o.s.web.servlet.DispatcherServlet        : Initializing Servlet 'dispatcherServlet'
2025-12-12T06:11:19.222-05:00  INFO 85379 --- [catalogo] [nio-8081-exec-1] o.s.web.servlet.DispatcherServlet        : Completed initialization in 83 ms
Hibernate: 
    select
        le1_0.id,
        le1_0.ano_publicacao,
        le1_0.capa_url,
        le1_0.created_at,
        le1_0.editora_id,
        le1_0.isbn,
        le1_0.sinopse,
        le1_0.titulo,
        le1_0.updated_at 
    from
        core.livros le1_0 
    where
        1=1 
    order by
        le1_0.titulo 
    offset
        ? rows 
    fetch
        first ? rows only
Hibernate: 
    select
        count(le1_0.id) 
    from
        core.livros le1_0 
    where
        1=1
Hibernate: 
    select
        ee1_0.id,
        ee1_0.nome 
    from
        core.editoras ee1_0 
    where
        ee1_0.id=?
Hibernate: 
    select
        la1_0.livro_id,
        la1_0.autor_id 
    from
        core.livro_autores la1_0 
    where
        la1_0.livro_id=?
Hibernate: 
    select
        lg1_0.livro_id,
        lg1_0.genero_id 
    from
        core.livro_generos lg1_0 
    where
        lg1_0.livro_id=?
Hibernate: 
    select
        ee1_0.id,
        ee1_0.nome 
    from
        core.editoras ee1_0 
    where
        ee1_0.id=?
Hibernate: 
    select
        la1_0.livro_id,
        la1_0.autor_id 
    from
        core.livro_autores la1_0 
    where
        la1_0.livro_id=?
Hibernate: 
    select
        lg1_0.livro_id,
        lg1_0.genero_id 
    from
        core.livro_generos lg1_0 
    where
        lg1_0.livro_id=?
Hibernate: 
    select
        ee1_0.id,
        ee1_0.nome 
    from
        core.editoras ee1_0 
    where
        ee1_0.id=?
Hibernate: 
    select
        la1_0.livro_id,
        la1_0.autor_id 
    from
        core.livro_autores la1_0 
    where
        la1_0.livro_id=?
Hibernate: 
    select
        lg1_0.livro_id,
        lg1_0.genero_id 
    from
        core.livro_generos lg1_0 
    where
        lg1_0.livro_id=?
Hibernate: 
    select
        la1_0.livro_id,
        la1_0.autor_id 
    from
        core.livro_autores la1_0 
    where
        la1_0.livro_id=?
Hibernate: 
    select
        lg1_0.livro_id,
        lg1_0.genero_id 
    from
        core.livro_generos lg1_0 
    where
        lg1_0.livro_id=?
Hibernate: 
    select
        ee1_0.id,
        ee1_0.nome 
    from
        core.editoras ee1_0 
    where
        ee1_0.id=?
Hibernate: 
    select
        la1_0.livro_id,
        la1_0.autor_id 
    from
        core.livro_autores la1_0 
    where
        la1_0.livro_id=?
Hibernate: 
    select
        lg1_0.livro_id,
        lg1_0.genero_id 
    from
        core.livro_generos lg1_0 
    where
        lg1_0.livro_id=?
Hibernate: 
    select
        ee1_0.id,
        ee1_0.nome 
    from
        core.editoras ee1_0 
    where
        ee1_0.id=?
Hibernate: 
    select
        la1_0.livro_id,
        la1_0.autor_id 
    from
        core.livro_autores la1_0 
    where
        la1_0.livro_id=?
Hibernate: 
    select
        lg1_0.livro_id,
        lg1_0.genero_id 
    from
        core.livro_generos lg1_0 
    where
        lg1_0.livro_id=?
Hibernate: 
    select
        ee1_0.id,
        ee1_0.nome 
    from
        core.editoras ee1_0 
    where
        ee1_0.id=?
Hibernate: 
    select
        la1_0.livro_id,
        la1_0.autor_id 
    from
        core.livro_autores la1_0 
    where
        la1_0.livro_id=?
Hibernate: 
    select
        lg1_0.livro_id,
        lg1_0.genero_id 
    from
        core.livro_generos lg1_0 
    where
        lg1_0.livro_id=?
Hibernate: 
    select
        ee1_0.id,
        ee1_0.nome 
    from
        core.editoras ee1_0 
    where
        ee1_0.id=?
Hibernate: 
    select
        la1_0.livro_id,
        la1_0.autor_id 
    from
        core.livro_autores la1_0 
    where
        la1_0.livro_id=?
Hibernate: 
    select
        lg1_0.livro_id,
        lg1_0.genero_id 
    from
        core.livro_generos lg1_0 
    where
        lg1_0.livro_id=?
Hibernate: 
    select
        la1_0.livro_id,
        la1_0.autor_id 
    from
        core.livro_autores la1_0 
    where
        la1_0.livro_id=?
Hibernate: 
    select
        lg1_0.livro_id,
        lg1_0.genero_id 
    from
        core.livro_generos lg1_0 
    where
        lg1_0.livro_id=?
Hibernate: 
    select
        ee1_0.id,
        ee1_0.nome 
    from
        core.editoras ee1_0 
    where
        ee1_0.id=?
Hibernate: 
    select
        la1_0.livro_id,
        la1_0.autor_id 
    from
        core.livro_autores la1_0 
    where
        la1_0.livro_id=?
Hibernate: 
    select
        lg1_0.livro_id,
        lg1_0.genero_id 
    from
        core.livro_generos lg1_0 
    where
        lg1_0.livro_id=?
2025-12-12T06:11:20.517-05:00  WARN 85379 --- [catalogo] [nio-8081-exec-1] ration$PageModule$WarningLoggingModifier : Serializing PageImpl instances as-is is not supported, meaning that there is no guarantee about the stability of the resulting JSON structure!
	For a stable JSON structure, please use Spring Data's PagedModel (globally via @EnableSpringDataWebSupport(pageSerializationMode = VIA_DTO))
	or Spring HATEOAS and Spring Data's PagedResourcesAssembler as documented in https://docs.spring.io/spring-data/commons/reference/repositories/core-extensions.html#core.web.pageables.

Hibernate: 
    select
        le1_0.id,
        le1_0.ano_publicacao,
        le1_0.capa_url,
        le1_0.created_at,
        le1_0.editora_id,
        le1_0.isbn,
        le1_0.sinopse,
        le1_0.titulo,
        le1_0.updated_at 
    from
        core.livros le1_0 
    where
        1=1 
    order by
        le1_0.titulo 
    offset
        ? rows 
    fetch
        first ? rows only
Hibernate: 
    select
        count(le1_0.id) 
    from
        core.livros le1_0 
    where
        1=1
Hibernate: 
    select
        ee1_0.id,
        ee1_0.nome 
    from
        core.editoras ee1_0 
    where
        ee1_0.id=?
Hibernate: 
    select
        la1_0.livro_id,
        la1_0.autor_id 
    from
        core.livro_autores la1_0 
    where
        la1_0.livro_id=?
Hibernate: 
    select
        lg1_0.livro_id,
        lg1_0.genero_id 
    from
        core.livro_generos lg1_0 
    where
        lg1_0.livro_id=?
Hibernate: 
    select
        ee1_0.id,
        ee1_0.nome 
    from
        core.editoras ee1_0 
    where
        ee1_0.id=?
Hibernate: 
    select
        la1_0.livro_id,
        la1_0.autor_id 
    from
        core.livro_autores la1_0 
    where
        la1_0.livro_id=?
Hibernate: 
    select
        lg1_0.livro_id,
        lg1_0.genero_id 
    from
        core.livro_generos lg1_0 
    where
        lg1_0.livro_id=?
Hibernate: 
    select
        ee1_0.id,
        ee1_0.nome 
    from
        core.editoras ee1_0 
    where
        ee1_0.id=?
Hibernate: 
    select
        la1_0.livro_id,
        la1_0.autor_id 
    from
        core.livro_autores la1_0 
    where
        la1_0.livro_id=?
Hibernate: 
    select
        lg1_0.livro_id,
        lg1_0.genero_id 
    from
        core.livro_generos lg1_0 
    where
        lg1_0.livro_id=?
Hibernate: 
    select
        la1_0.livro_id,
        la1_0.autor_id 
    from
        core.livro_autores la1_0 
    where
        la1_0.livro_id=?
Hibernate: 
    select
        lg1_0.livro_id,
        lg1_0.genero_id 
    from
        core.livro_generos lg1_0 
    where
        lg1_0.livro_id=?
Hibernate: 
    select
        ee1_0.id,
        ee1_0.nome 
    from
        core.editoras ee1_0 
    where
        ee1_0.id=?
Hibernate: 
    select
        la1_0.livro_id,
        la1_0.autor_id 
    from
        core.livro_autores la1_0 
    where
        la1_0.livro_id=?
Hibernate: 
    select
        lg1_0.livro_id,
        lg1_0.genero_id 
    from
        core.livro_generos lg1_0 
    where
        lg1_0.livro_id=?
Hibernate: 
    select
        ee1_0.id,
        ee1_0.nome 
    from
        core.editoras ee1_0 
    where
        ee1_0.id=?
Hibernate: 
    select
        la1_0.livro_id,
        la1_0.autor_id 
    from
        core.livro_autores la1_0 
    where
        la1_0.livro_id=?
Hibernate: 
    select
        lg1_0.livro_id,
        lg1_0.genero_id 
    from
        core.livro_generos lg1_0 
    where
        lg1_0.livro_id=?
Hibernate: 
    select
        ee1_0.id,
        ee1_0.nome 
    from
        core.editoras ee1_0 
    where
        ee1_0.id=?
Hibernate: 
    select
        la1_0.livro_id,
        la1_0.autor_id 
    from
        core.livro_autores la1_0 
    where
        la1_0.livro_id=?
Hibernate: 
    select
        lg1_0.livro_id,
        lg1_0.genero_id 
    from
        core.livro_generos lg1_0 
    where
        lg1_0.livro_id=?
Hibernate: 
    select
        ee1_0.id,
        ee1_0.nome 
    from
        core.editoras ee1_0 
    where
        ee1_0.id=?
Hibernate: 
    select
        la1_0.livro_id,
        la1_0.autor_id 
    from
        core.livro_autores la1_0 
    where
        la1_0.livro_id=?
Hibernate: 
    select
        lg1_0.livro_id,
        lg1_0.genero_id 
    from
        core.livro_generos lg1_0 
    where
        lg1_0.livro_id=?
Hibernate: 
    select
        la1_0.livro_id,
        la1_0.autor_id 
    from
        core.livro_autores la1_0 
    where
        la1_0.livro_id=?
Hibernate: 
    select
        lg1_0.livro_id,
        lg1_0.genero_id 
    from
        core.livro_generos lg1_0 
    where
        lg1_0.livro_id=?
Hibernate: 
    select
        ee1_0.id,
        ee1_0.nome 
    from
        core.editoras ee1_0 
    where
        ee1_0.id=?
Hibernate: 
    select
        la1_0.livro_id,
        la1_0.autor_id 
    from
        core.livro_autores la1_0 
    where
        la1_0.livro_id=?
Hibernate: 
    select
        lg1_0.livro_id,
        lg1_0.genero_id 
    from
        core.livro_generos lg1_0 
    where
        lg1_0.livro_id=?
Hibernate: 
    select
        le1_0.id,
        le1_0.ano_publicacao,
        le1_0.capa_url,
        le1_0.created_at,
        le1_0.editora_id,
        le1_0.isbn,
        le1_0.sinopse,
        le1_0.titulo,
        le1_0.updated_at 
    from
        core.livros le1_0 
    where
        1=1 
    order by
        le1_0.titulo 
    offset
        ? rows 
    fetch
        first ? rows only
Hibernate: 
    select
        count(le1_0.id) 
    from
        core.livros le1_0 
    where
        1=1
Hibernate: 
    select
        ee1_0.id,
        ee1_0.nome 
    from
        core.editoras ee1_0 
    where
        ee1_0.id=?
Hibernate: 
    select
        la1_0.livro_id,
        la1_0.autor_id 
    from
        core.livro_autores la1_0 
    where
        la1_0.livro_id=?
Hibernate: 
    select
        lg1_0.livro_id,
        lg1_0.genero_id 
    from
        core.livro_generos lg1_0 
    where
        lg1_0.livro_id=?
Hibernate: 
    select
        ee1_0.id,
        ee1_0.nome 
    from
        core.editoras ee1_0 
    where
        ee1_0.id=?
Hibernate: 
    select
        la1_0.livro_id,
        la1_0.autor_id 
    from
        core.livro_autores la1_0 
    where
        la1_0.livro_id=?
Hibernate: 
    select
        lg1_0.livro_id,
        lg1_0.genero_id 
    from
        core.livro_generos lg1_0 
    where
        lg1_0.livro_id=?
Hibernate: 
    select
        ee1_0.id,
        ee1_0.nome 
    from
        core.editoras ee1_0 
    where
        ee1_0.id=?
Hibernate: 
    select
        la1_0.livro_id,
        la1_0.autor_id 
    from
        core.livro_autores la1_0 
    where
        la1_0.livro_id=?
Hibernate: 
    select
        lg1_0.livro_id,
        lg1_0.genero_id 
    from
        core.livro_generos lg1_0 
    where
        lg1_0.livro_id=?
Hibernate: 
    select
        la1_0.livro_id,
        la1_0.autor_id 
    from
        core.livro_autores la1_0 
    where
        la1_0.livro_id=?
Hibernate: 
    select
        lg1_0.livro_id,
        lg1_0.genero_id 
    from
        core.livro_generos lg1_0 
    where
        lg1_0.livro_id=?
Hibernate: 
    select
        ee1_0.id,
        ee1_0.nome 
    from
        core.editoras ee1_0 
    where
        ee1_0.id=?
Hibernate: 
    select
        la1_0.livro_id,
        la1_0.autor_id 
    from
        core.livro_autores la1_0 
    where
        la1_0.livro_id=?
Hibernate: 
    select
        lg1_0.livro_id,
        lg1_0.genero_id 
    from
        core.livro_generos lg1_0 
    where
        lg1_0.livro_id=?
Hibernate: 
    select
        ee1_0.id,
        ee1_0.nome 
    from
        core.editoras ee1_0 
    where
        ee1_0.id=?
Hibernate: 
    select
        la1_0.livro_id,
        la1_0.autor_id 
    from
        core.livro_autores la1_0 
    where
        la1_0.livro_id=?
Hibernate: 
    select
        lg1_0.livro_id,
        lg1_0.genero_id 
    from
        core.livro_generos lg1_0 
    where
        lg1_0.livro_id=?
Hibernate: 
    select
        ee1_0.id,
        ee1_0.nome 
    from
        core.editoras ee1_0 
    where
        ee1_0.id=?
Hibernate: 
    select
        la1_0.livro_id,
        la1_0.autor_id 
    from
        core.livro_autores la1_0 
    where
        la1_0.livro_id=?
Hibernate: 
    select
        lg1_0.livro_id,
        lg1_0.genero_id 
    from
        core.livro_generos lg1_0 
    where
        lg1_0.livro_id=?
Hibernate: 
    select
        ee1_0.id,
        ee1_0.nome 
    from
        core.editoras ee1_0 
    where
        ee1_0.id=?
Hibernate: 
    select
        la1_0.livro_id,
        la1_0.autor_id 
    from
        core.livro_autores la1_0 
    where
        la1_0.livro_id=?
Hibernate: 
    select
        lg1_0.livro_id,
        lg1_0.genero_id 
    from
        core.livro_generos lg1_0 
    where
        lg1_0.livro_id=?
Hibernate: 
    select
        la1_0.livro_id,
        la1_0.autor_id 
    from
        core.livro_autores la1_0 
    where
        la1_0.livro_id=?
Hibernate: 
    select
        lg1_0.livro_id,
        lg1_0.genero_id 
    from
        core.livro_generos lg1_0 
    where
        lg1_0.livro_id=?
Hibernate: 
    select
        ee1_0.id,
        ee1_0.nome 
    from
        core.editoras ee1_0 
    where
        ee1_0.id=?
Hibernate: 
    select
        la1_0.livro_id,
        la1_0.autor_id 
    from
        core.livro_autores la1_0 
    where
        la1_0.livro_id=?
Hibernate: 
    select
        lg1_0.livro_id,
        lg1_0.genero_id 
    from
        core.livro_generos lg1_0 
    where
        lg1_0.livro_id=?
Hibernate: 
    select
        le1_0.id,
        le1_0.ano_publicacao,
        le1_0.capa_url,
        le1_0.created_at,
        le1_0.editora_id,
        le1_0.isbn,
        le1_0.sinopse,
        le1_0.titulo,
        le1_0.updated_at 
    from
        core.livros le1_0 
    where
        1=1 
    order by
        le1_0.titulo 
    offset
        ? rows 
    fetch
        first ? rows only
Hibernate: 
    select
        count(le1_0.id) 
    from
        core.livros le1_0 
    where
        1=1
Hibernate: 
    select
        ee1_0.id,
        ee1_0.nome 
    from
        core.editoras ee1_0 
    where
        ee1_0.id=?
Hibernate: 
    select
        la1_0.livro_id,
        la1_0.autor_id 
    from
        core.livro_autores la1_0 
    where
        la1_0.livro_id=?
Hibernate: 
    select
        lg1_0.livro_id,
        lg1_0.genero_id 
    from
        core.livro_generos lg1_0 
    where
        lg1_0.livro_id=?
Hibernate: 
    select
        ee1_0.id,
        ee1_0.nome 
    from
        core.editoras ee1_0 
    where
        ee1_0.id=?
Hibernate: 
    select
        la1_0.livro_id,
        la1_0.autor_id 
    from
        core.livro_autores la1_0 
    where
        la1_0.livro_id=?
Hibernate: 
    select
        lg1_0.livro_id,
        lg1_0.genero_id 
    from
        core.livro_generos lg1_0 
    where
        lg1_0.livro_id=?
Hibernate: 
    select
        ee1_0.id,
        ee1_0.nome 
    from
        core.editoras ee1_0 
    where
        ee1_0.id=?
Hibernate: 
    select
        la1_0.livro_id,
        la1_0.autor_id 
    from
        core.livro_autores la1_0 
    where
        la1_0.livro_id=?
Hibernate: 
    select
        lg1_0.livro_id,
        lg1_0.genero_id 
    from
        core.livro_generos lg1_0 
    where
        lg1_0.livro_id=?
Hibernate: 
    select
        la1_0.livro_id,
        la1_0.autor_id 
    from
        core.livro_autores la1_0 
    where
        la1_0.livro_id=?
Hibernate: 
    select
        lg1_0.livro_id,
        lg1_0.genero_id 
    from
        core.livro_generos lg1_0 
    where
        lg1_0.livro_id=?
Hibernate: 
    select
        ee1_0.id,
        ee1_0.nome 
    from
        core.editoras ee1_0 
    where
        ee1_0.id=?
Hibernate: 
    select
        la1_0.livro_id,
        la1_0.autor_id 
    from
        core.livro_autores la1_0 
    where
        la1_0.livro_id=?
Hibernate: 
    select
        lg1_0.livro_id,
        lg1_0.genero_id 
    from
        core.livro_generos lg1_0 
    where
        lg1_0.livro_id=?
Hibernate: 
    select
        ee1_0.id,
        ee1_0.nome 
    from
        core.editoras ee1_0 
    where
        ee1_0.id=?
Hibernate: 
    select
        la1_0.livro_id,
        la1_0.autor_id 
    from
        core.livro_autores la1_0 
    where
        la1_0.livro_id=?
Hibernate: 
    select
        lg1_0.livro_id,
        lg1_0.genero_id 
    from
        core.livro_generos lg1_0 
    where
        lg1_0.livro_id=?
Hibernate: 
    select
        ee1_0.id,
        ee1_0.nome 
    from
        core.editoras ee1_0 
    where
        ee1_0.id=?
Hibernate: 
    select
        la1_0.livro_id,
        la1_0.autor_id 
    from
        core.livro_autores la1_0 
    where
        la1_0.livro_id=?
Hibernate: 
    select
        lg1_0.livro_id,
        lg1_0.genero_id 
    from
        core.livro_generos lg1_0 
    where
        lg1_0.livro_id=?
Hibernate: 
    select
        ee1_0.id,
        ee1_0.nome 
    from
        core.editoras ee1_0 
    where
        ee1_0.id=?
Hibernate: 
    select
        la1_0.livro_id,
        la1_0.autor_id 
    from
        core.livro_autores la1_0 
    where
        la1_0.livro_id=?
Hibernate: 
    select
        lg1_0.livro_id,
        lg1_0.genero_id 
    from
        core.livro_generos lg1_0 
    where
        lg1_0.livro_id=?
Hibernate: 
    select
        la1_0.livro_id,
        la1_0.autor_id 
    from
        core.livro_autores la1_0 
    where
        la1_0.livro_id=?
Hibernate: 
    select
        lg1_0.livro_id,
        lg1_0.genero_id 
    from
        core.livro_generos lg1_0 
    where
        lg1_0.livro_id=?
Hibernate: 
    select
        ee1_0.id,
        ee1_0.nome 
    from
        core.editoras ee1_0 
    where
        ee1_0.id=?
Hibernate: 
    select
        la1_0.livro_id,
        la1_0.autor_id 
    from
        core.livro_autores la1_0 
    where
        la1_0.livro_id=?
Hibernate: 
    select
        lg1_0.livro_id,
        lg1_0.genero_id 
    from
        core.livro_generos lg1_0 
    where
        lg1_0.livro_id=?
Hibernate: 
    select
        le1_0.id,
        le1_0.ano_publicacao,
        le1_0.capa_url,
        le1_0.created_at,
        le1_0.editora_id,
        le1_0.isbn,
        le1_0.sinopse,
        le1_0.titulo,
        le1_0.updated_at 
    from
        core.livros le1_0 
    where
        1=1 
    order by
        le1_0.titulo 
    offset
        ? rows 
    fetch
        first ? rows only
Hibernate: 
    select
        count(le1_0.id) 
    from
        core.livros le1_0 
    where
        1=1
Hibernate: 
    select
        ee1_0.id,
        ee1_0.nome 
    from
        core.editoras ee1_0 
    where
        ee1_0.id=?
Hibernate: 
    select
        la1_0.livro_id,
        la1_0.autor_id 
    from
        core.livro_autores la1_0 
    where
        la1_0.livro_id=?
Hibernate: 
    select
        lg1_0.livro_id,
        lg1_0.genero_id 
    from
        core.livro_generos lg1_0 
    where
        lg1_0.livro_id=?
Hibernate: 
    select
        ee1_0.id,
        ee1_0.nome 
    from
        core.editoras ee1_0 
    where
        ee1_0.id=?
Hibernate: 
    select
        la1_0.livro_id,
        la1_0.autor_id 
    from
        core.livro_autores la1_0 
    where
        la1_0.livro_id=?
Hibernate: 
    select
        lg1_0.livro_id,
        lg1_0.genero_id 
    from
        core.livro_generos lg1_0 
    where
        lg1_0.livro_id=?
Hibernate: 
    select
        ee1_0.id,
        ee1_0.nome 
    from
        core.editoras ee1_0 
    where
        ee1_0.id=?
Hibernate: 
    select
        la1_0.livro_id,
        la1_0.autor_id 
    from
        core.livro_autores la1_0 
    where
        la1_0.livro_id=?
Hibernate: 
    select
        lg1_0.livro_id,
        lg1_0.genero_id 
    from
        core.livro_generos lg1_0 
    where
        lg1_0.livro_id=?
Hibernate: 
    select
        la1_0.livro_id,
        la1_0.autor_id 
    from
        core.livro_autores la1_0 
    where
        la1_0.livro_id=?
Hibernate: 
    select
        lg1_0.livro_id,
        lg1_0.genero_id 
    from
        core.livro_generos lg1_0 
    where
        lg1_0.livro_id=?
Hibernate: 
    select
        ee1_0.id,
        ee1_0.nome 
    from
        core.editoras ee1_0 
    where
        ee1_0.id=?
Hibernate: 
    select
        la1_0.livro_id,
        la1_0.autor_id 
    from
        core.livro_autores la1_0 
    where
        la1_0.livro_id=?
Hibernate: 
    select
        lg1_0.livro_id,
        lg1_0.genero_id 
    from
        core.livro_generos lg1_0 
    where
        lg1_0.livro_id=?
Hibernate: 
    select
        ee1_0.id,
        ee1_0.nome 
    from
        core.editoras ee1_0 
    where
        ee1_0.id=?
Hibernate: 
    select
        la1_0.livro_id,
        la1_0.autor_id 
    from
        core.livro_autores la1_0 
    where
        la1_0.livro_id=?
Hibernate: 
    select
        lg1_0.livro_id,
        lg1_0.genero_id 
    from
        core.livro_generos lg1_0 
    where
        lg1_0.livro_id=?
Hibernate: 
    select
        ee1_0.id,
        ee1_0.nome 
    from
        core.editoras ee1_0 
    where
        ee1_0.id=?
Hibernate: 
    select
        la1_0.livro_id,
        la1_0.autor_id 
    from
        core.livro_autores la1_0 
    where
        la1_0.livro_id=?
Hibernate: 
    select
        lg1_0.livro_id,
        lg1_0.genero_id 
    from
        core.livro_generos lg1_0 
    where
        lg1_0.livro_id=?
Hibernate: 
    select
        ee1_0.id,
        ee1_0.nome 
    from
        core.editoras ee1_0 
    where
        ee1_0.id=?
Hibernate: 
    select
        la1_0.livro_id,
        la1_0.autor_id 
    from
        core.livro_autores la1_0 
    where
        la1_0.livro_id=?
Hibernate: 
    select
        lg1_0.livro_id,
        lg1_0.genero_id 
    from
        core.livro_generos lg1_0 
    where
        lg1_0.livro_id=?
Hibernate: 
    select
        la1_0.livro_id,
        la1_0.autor_id 
    from
        core.livro_autores la1_0 
    where
        la1_0.livro_id=?
Hibernate: 
    select
        lg1_0.livro_id,
        lg1_0.genero_id 
    from
        core.livro_generos lg1_0 
    where
        lg1_0.livro_id=?
Hibernate: 
    select
        ee1_0.id,
        ee1_0.nome 
    from
        core.editoras ee1_0 
    where
        ee1_0.id=?
Hibernate: 
    select
        la1_0.livro_id,
        la1_0.autor_id 
    from
        core.livro_autores la1_0 
    where
        la1_0.livro_id=?
Hibernate: 
    select
        lg1_0.livro_id,
        lg1_0.genero_id 
    from
        core.livro_generos lg1_0 
    where
        lg1_0.livro_id=?
Hibernate: 
    select
        le1_0.id,
        le1_0.ano_publicacao,
        le1_0.capa_url,
        le1_0.created_at,
        le1_0.editora_id,
        le1_0.isbn,
        le1_0.sinopse,
        le1_0.titulo,
        le1_0.updated_at 
    from
        core.livros le1_0 
    where
        1=1 
    order by
        le1_0.titulo 
    offset
        ? rows 
    fetch
        first ? rows only
Hibernate: 
    select
        count(le1_0.id) 
    from
        core.livros le1_0 
    where
        1=1
Hibernate: 
    select
        ee1_0.id,
        ee1_0.nome 
    from
        core.editoras ee1_0 
    where
        ee1_0.id=?
Hibernate: 
    select
        la1_0.livro_id,
        la1_0.autor_id 
    from
        core.livro_autores la1_0 
    where
        la1_0.livro_id=?
Hibernate: 
    select
        lg1_0.livro_id,
        lg1_0.genero_id 
    from
        core.livro_generos lg1_0 
    where
        lg1_0.livro_id=?
Hibernate: 
    select
        ee1_0.id,
        ee1_0.nome 
    from
        core.editoras ee1_0 
    where
        ee1_0.id=?
Hibernate: 
    select
        la1_0.livro_id,
        la1_0.autor_id 
    from
        core.livro_autores la1_0 
    where
        la1_0.livro_id=?
Hibernate: 
    select
        lg1_0.livro_id,
        lg1_0.genero_id 
    from
        core.livro_generos lg1_0 
    where
        lg1_0.livro_id=?
Hibernate: 
    select
        ee1_0.id,
        ee1_0.nome 
    from
        core.editoras ee1_0 
    where
        ee1_0.id=?
Hibernate: 
    select
        la1_0.livro_id,
        la1_0.autor_id 
    from
        core.livro_autores la1_0 
    where
        la1_0.livro_id=?
Hibernate: 
    select
        lg1_0.livro_id,
        lg1_0.genero_id 
    from
        core.livro_generos lg1_0 
    where
        lg1_0.livro_id=?
Hibernate: 
    select
        la1_0.livro_id,
        la1_0.autor_id 
    from
        core.livro_autores la1_0 
    where
        la1_0.livro_id=?
Hibernate: 
    select
        lg1_0.livro_id,
        lg1_0.genero_id 
    from
        core.livro_generos lg1_0 
    where
        lg1_0.livro_id=?
Hibernate: 
    select
        ee1_0.id,
        ee1_0.nome 
    from
        core.editoras ee1_0 
    where
        ee1_0.id=?
Hibernate: 
    select
        la1_0.livro_id,
        la1_0.autor_id 
    from
        core.livro_autores la1_0 
    where
        la1_0.livro_id=?
Hibernate: 
    select
        lg1_0.livro_id,
        lg1_0.genero_id 
    from
        core.livro_generos lg1_0 
    where
        lg1_0.livro_id=?
Hibernate: 
    select
        ee1_0.id,
        ee1_0.nome 
    from
        core.editoras ee1_0 
    where
        ee1_0.id=?
Hibernate: 
    select
        la1_0.livro_id,
        la1_0.autor_id 
    from
        core.livro_autores la1_0 
    where
        la1_0.livro_id=?
Hibernate: 
    select
        lg1_0.livro_id,
        lg1_0.genero_id 
    from
        core.livro_generos lg1_0 
    where
        lg1_0.livro_id=?
Hibernate: 
    select
        ee1_0.id,
        ee1_0.nome 
    from
        core.editoras ee1_0 
    where
        ee1_0.id=?
Hibernate: 
    select
        la1_0.livro_id,
        la1_0.autor_id 
    from
        core.livro_autores la1_0 
    where
        la1_0.livro_id=?
Hibernate: 
    select
        lg1_0.livro_id,
        lg1_0.genero_id 
    from
        core.livro_generos lg1_0 
    where
        lg1_0.livro_id=?
Hibernate: 
    select
        ee1_0.id,
        ee1_0.nome 
    from
        core.editoras ee1_0 
    where
        ee1_0.id=?
Hibernate: 
    select
        la1_0.livro_id,
        la1_0.autor_id 
    from
        core.livro_autores la1_0 
    where
        la1_0.livro_id=?
Hibernate: 
    select
        lg1_0.livro_id,
        lg1_0.genero_id 
    from
        core.livro_generos lg1_0 
    where
        lg1_0.livro_id=?
Hibernate: 
    select
        la1_0.livro_id,
        la1_0.autor_id 
    from
        core.livro_autores la1_0 
    where
        la1_0.livro_id=?
Hibernate: 
    select
        lg1_0.livro_id,
        lg1_0.genero_id 
    from
        core.livro_generos lg1_0 
    where
        lg1_0.livro_id=?
Hibernate: 
    select
        ee1_0.id,
        ee1_0.nome 
    from
        core.editoras ee1_0 
    where
        ee1_0.id=?
Hibernate: 
    select
        la1_0.livro_id,
        la1_0.autor_id 
    from
        core.livro_autores la1_0 
    where
        la1_0.livro_id=?
Hibernate: 
    select
        lg1_0.livro_id,
        lg1_0.genero_id 
    from
        core.livro_generos lg1_0 
    where
        lg1_0.livro_id=?
