[INFO] Scanning for projects...
[INFO] 
[INFO] ----------------------< com.letterbook:Community >----------------------
[INFO] Building Community 0.0.1-SNAPSHOT
[INFO]   from pom.xml
[INFO] --------------------------------[ jar ]---------------------------------
[INFO] 
[INFO] >>> spring-boot:3.4.0:run (default-cli) > test-compile @ Community >>>
[INFO] 
[INFO] --- resources:3.3.1:resources (default-resources) @ Community ---
[INFO] Copying 1 resource from src/main/resources to target/classes
[INFO] Copying 0 resource from src/main/resources to target/classes
[INFO] 
[INFO] --- compiler:3.13.0:compile (default-compile) @ Community ---
[INFO] Nothing to compile - all classes are up to date.
[INFO] 
[INFO] --- resources:3.3.1:testResources (default-testResources) @ Community ---
[INFO] skip non existing resourceDirectory /home/jvm/Documentos/LetterBook/backend/Community/src/test/resources
[INFO] 
[INFO] --- compiler:3.13.0:testCompile (default-testCompile) @ Community ---
[INFO] Nothing to compile - all classes are up to date.
[INFO] 
[INFO] <<< spring-boot:3.4.0:run (default-cli) < test-compile @ Community <<<
[INFO] 
[INFO] 
[INFO] --- spring-boot:3.4.0:run (default-cli) @ Community ---
[INFO] Attaching agents: []

  .   ____          _            __ _ _
 /\\ / ___'_ __ _ _(_)_ __  __ _ \ \ \ \
( ( )\___ | '_ | '_| | '_ \/ _` | \ \ \ \
 \\/  ___)| |_)| | | | | || (_| |  ) ) ) )
  '  |____| .__|_| |_|_| |_\__, | / / / /
 =========|_|==============|___/=/_/_/_/

 :: Spring Boot ::                (v3.4.0)

2025-12-12T06:08:46.252-05:00  INFO 85378 --- [Community] [           main] c.l.community.CommunityApplication       : Starting CommunityApplication using Java 21.0.9 with PID 85378 (/home/jvm/Documentos/LetterBook/backend/Community/target/classes started by jvm in /home/jvm/Documentos/LetterBook/backend/Community)
2025-12-12T06:08:46.260-05:00  INFO 85378 --- [Community] [           main] c.l.community.CommunityApplication       : No active profile set, falling back to 1 default profile: "default"
2025-12-12T06:08:48.623-05:00  INFO 85378 --- [Community] [           main] .s.d.r.c.RepositoryConfigurationDelegate : Bootstrapping Spring Data JPA repositories in DEFAULT mode.
2025-12-12T06:08:48.878-05:00  INFO 85378 --- [Community] [           main] .s.d.r.c.RepositoryConfigurationDelegate : Finished Spring Data repository scanning in 198 ms. Found 3 JPA repository interfaces.
2025-12-12T06:08:50.046-05:00  INFO 85378 --- [Community] [           main] o.s.b.w.embedded.tomcat.TomcatWebServer  : Tomcat initialized with port 8084 (http)
2025-12-12T06:08:50.074-05:00  INFO 85378 --- [Community] [           main] o.apache.catalina.core.StandardService   : Starting service [Tomcat]
2025-12-12T06:08:50.075-05:00  INFO 85378 --- [Community] [           main] o.apache.catalina.core.StandardEngine    : Starting Servlet engine: [Apache Tomcat/10.1.33]
2025-12-12T06:08:50.147-05:00  INFO 85378 --- [Community] [           main] o.a.c.c.C.[Tomcat].[localhost].[/]       : Initializing Spring embedded WebApplicationContext
2025-12-12T06:08:50.148-05:00  INFO 85378 --- [Community] [           main] w.s.c.ServletWebServerApplicationContext : Root WebApplicationContext: initialization completed in 3727 ms
2025-12-12T06:08:50.368-05:00  INFO 85378 --- [Community] [           main] o.hibernate.jpa.internal.util.LogHelper  : HHH000204: Processing PersistenceUnitInfo [name: default]
2025-12-12T06:08:50.482-05:00  INFO 85378 --- [Community] [           main] org.hibernate.Version                    : HHH000412: Hibernate ORM core version 6.6.2.Final
2025-12-12T06:08:50.544-05:00  INFO 85378 --- [Community] [           main] o.h.c.internal.RegionFactoryInitiator    : HHH000026: Second-level cache disabled
2025-12-12T06:08:51.112-05:00  INFO 85378 --- [Community] [           main] o.s.o.j.p.SpringPersistenceUnitInfo      : No LoadTimeWeaver setup: ignoring JPA class transformer
2025-12-12T06:08:51.187-05:00  INFO 85378 --- [Community] [           main] com.zaxxer.hikari.HikariDataSource       : HikariPool-1 - Starting...
2025-12-12T06:08:51.819-05:00  INFO 85378 --- [Community] [           main] com.zaxxer.hikari.pool.HikariPool        : HikariPool-1 - Added connection org.postgresql.jdbc.PgConnection@1fee4278
2025-12-12T06:08:51.822-05:00  INFO 85378 --- [Community] [           main] com.zaxxer.hikari.HikariDataSource       : HikariPool-1 - Start completed.
2025-12-12T06:08:51.893-05:00  WARN 85378 --- [Community] [           main] org.hibernate.orm.deprecation            : HHH90000025: PostgreSQLDialect does not need to be specified explicitly using 'hibernate.dialect' (remove the property setting and it will be selected by default)
2025-12-12T06:08:51.933-05:00  INFO 85378 --- [Community] [           main] org.hibernate.orm.connections.pooling    : HHH10001005: Database info:
	Database JDBC URL [Connecting through datasource 'HikariDataSource (HikariPool-1)']
	Database driver: undefined/unknown
	Database version: 16.11
	Autocommit mode: undefined/unknown
	Isolation level: undefined/unknown
	Minimum pool size: undefined/unknown
	Maximum pool size: undefined/unknown
2025-12-12T06:08:53.489-05:00  INFO 85378 --- [Community] [           main] o.h.e.t.j.p.i.JtaPlatformInitiator       : HHH000489: No JTA platform available (set 'hibernate.transaction.jta.platform' to enable JTA platform integration)
2025-12-12T06:08:53.635-05:00  INFO 85378 --- [Community] [           main] j.LocalContainerEntityManagerFactoryBean : Initialized JPA EntityManagerFactory for persistence unit 'default'
2025-12-12T06:08:54.101-05:00  INFO 85378 --- [Community] [           main] o.s.d.j.r.query.QueryEnhancerFactory     : Hibernate is in classpath; If applicable, HQL parser will be used.
2025-12-12T06:08:55.539-05:00  WARN 85378 --- [Community] [           main] .s.s.UserDetailsServiceAutoConfiguration : 

Using generated security password: 30d960cb-5261-445c-9229-6b08fcdd6af0

This generated password is for development use only. Your security configuration must be updated before running your application in production.

2025-12-12T06:08:55.563-05:00  INFO 85378 --- [Community] [           main] r$InitializeUserDetailsManagerConfigurer : Global AuthenticationManager configured with UserDetailsService bean with name inMemoryUserDetailsManager
2025-12-12T06:08:55.830-05:00  INFO 85378 --- [Community] [           main] o.s.b.w.embedded.tomcat.TomcatWebServer  : Tomcat started on port 8084 (http) with context path '/'
2025-12-12T06:08:55.843-05:00  INFO 85378 --- [Community] [           main] c.l.community.CommunityApplication       : Started CommunityApplication in 10.695 seconds (process running for 11.76)
