[INFO] Scanning for projects...
[INFO] 
[INFO] -----------------------< com.letterbook:Gateway >-----------------------
[INFO] Building Gateway 0.0.1-SNAPSHOT
[INFO]   from pom.xml
[INFO] --------------------------------[ jar ]---------------------------------
[INFO] 
[INFO] >>> spring-boot:3.4.0:run (default-cli) > test-compile @ Gateway >>>
[INFO] 
[INFO] --- resources:3.3.1:resources (default-resources) @ Gateway ---
[INFO] Copying 1 resource from src/main/resources to target/classes
[INFO] Copying 0 resource from src/main/resources to target/classes
[INFO] 
[INFO] --- compiler:3.13.0:compile (default-compile) @ Gateway ---
[INFO] Nothing to compile - all classes are up to date.
[INFO] 
[INFO] --- resources:3.3.1:testResources (default-testResources) @ Gateway ---
[INFO] skip non existing resourceDirectory /home/jvm/Documentos/LetterBook/backend/Gateway/src/test/resources
[INFO] 
[INFO] --- compiler:3.13.0:testCompile (default-testCompile) @ Gateway ---
[INFO] No sources to compile
[INFO] 
[INFO] <<< spring-boot:3.4.0:run (default-cli) < test-compile @ Gateway <<<
[INFO] 
[INFO] 
[INFO] --- spring-boot:3.4.0:run (default-cli) @ Gateway ---
[INFO] Attaching agents: []

  .   ____          _            __ _ _
 /\\ / ___'_ __ _ _(_)_ __  __ _ \ \ \ \
( ( )\___ | '_ | '_| | '_ \/ _` | \ \ \ \
 \\/  ___)| |_)| | | | | || (_| |  ) ) ) )
  '  |____| .__|_| |_|_| |_\__, | / / / /
 =========|_|==============|___/=/_/_/_/

 :: Spring Boot ::                (v3.4.0)

2025-12-12T06:08:46.837-05:00  INFO 85392 --- [gateway] [           main] c.letterbook.gateway.GatewayApplication  : Starting GatewayApplication using Java 21.0.9 with PID 85392 (/home/jvm/Documentos/LetterBook/backend/Gateway/target/classes started by jvm in /home/jvm/Documentos/LetterBook/backend/Gateway)
2025-12-12T06:08:46.846-05:00  INFO 85392 --- [gateway] [           main] c.letterbook.gateway.GatewayApplication  : No active profile set, falling back to 1 default profile: "default"
2025-12-12T06:08:49.117-05:00  INFO 85392 --- [gateway] [           main] o.s.cloud.context.scope.GenericScope     : BeanFactory id=7053a2a3-af5b-3c60-8e98-88a948d3cd65
2025-12-12T06:08:51.080-05:00  INFO 85392 --- [gateway] [           main] o.s.c.g.r.RouteDefinitionRouteLocator    : Loaded RoutePredicateFactory [After]
2025-12-12T06:08:51.081-05:00  INFO 85392 --- [gateway] [           main] o.s.c.g.r.RouteDefinitionRouteLocator    : Loaded RoutePredicateFactory [Before]
2025-12-12T06:08:51.082-05:00  INFO 85392 --- [gateway] [           main] o.s.c.g.r.RouteDefinitionRouteLocator    : Loaded RoutePredicateFactory [Between]
2025-12-12T06:08:51.083-05:00  INFO 85392 --- [gateway] [           main] o.s.c.g.r.RouteDefinitionRouteLocator    : Loaded RoutePredicateFactory [Cookie]
2025-12-12T06:08:51.084-05:00  INFO 85392 --- [gateway] [           main] o.s.c.g.r.RouteDefinitionRouteLocator    : Loaded RoutePredicateFactory [Header]
2025-12-12T06:08:51.084-05:00  INFO 85392 --- [gateway] [           main] o.s.c.g.r.RouteDefinitionRouteLocator    : Loaded RoutePredicateFactory [Host]
2025-12-12T06:08:51.084-05:00  INFO 85392 --- [gateway] [           main] o.s.c.g.r.RouteDefinitionRouteLocator    : Loaded RoutePredicateFactory [Method]
2025-12-12T06:08:51.084-05:00  INFO 85392 --- [gateway] [           main] o.s.c.g.r.RouteDefinitionRouteLocator    : Loaded RoutePredicateFactory [Path]
2025-12-12T06:08:51.084-05:00  INFO 85392 --- [gateway] [           main] o.s.c.g.r.RouteDefinitionRouteLocator    : Loaded RoutePredicateFactory [Query]
2025-12-12T06:08:51.084-05:00  INFO 85392 --- [gateway] [           main] o.s.c.g.r.RouteDefinitionRouteLocator    : Loaded RoutePredicateFactory [ReadBody]
2025-12-12T06:08:51.084-05:00  INFO 85392 --- [gateway] [           main] o.s.c.g.r.RouteDefinitionRouteLocator    : Loaded RoutePredicateFactory [RemoteAddr]
2025-12-12T06:08:51.084-05:00  INFO 85392 --- [gateway] [           main] o.s.c.g.r.RouteDefinitionRouteLocator    : Loaded RoutePredicateFactory [XForwardedRemoteAddr]
2025-12-12T06:08:51.085-05:00  INFO 85392 --- [gateway] [           main] o.s.c.g.r.RouteDefinitionRouteLocator    : Loaded RoutePredicateFactory [Weight]
2025-12-12T06:08:51.091-05:00  INFO 85392 --- [gateway] [           main] o.s.c.g.r.RouteDefinitionRouteLocator    : Loaded RoutePredicateFactory [CloudFoundryRouteService]
2025-12-12T06:08:51.754-05:00  INFO 85392 --- [gateway] [           main] o.s.b.web.embedded.netty.NettyWebServer  : Netty started on port 8080 (http)
2025-12-12T06:08:51.897-05:00  INFO 85392 --- [gateway] [           main] c.letterbook.gateway.GatewayApplication  : Started GatewayApplication in 6.399 seconds (process running for 7.762)
