[INFO] Scanning for projects...
[INFO] 
[INFO] ---------------------< com.letterbook:Interaction >---------------------
[INFO] Building Interaction 0.0.1-SNAPSHOT
[INFO]   from pom.xml
[INFO] --------------------------------[ jar ]---------------------------------
[INFO] 
[INFO] >>> spring-boot:3.4.0:run (default-cli) > test-compile @ Interaction >>>
[INFO] 
[INFO] --- resources:3.3.1:resources (default-resources) @ Interaction ---
[INFO] Copying 1 resource from src/main/resources to target/classes
[INFO] Copying 0 resource from src/main/resources to target/classes
[INFO] 
[INFO] --- compiler:3.13.0:compile (default-compile) @ Interaction ---
[INFO] Nothing to compile - all classes are up to date.
[INFO] 
[INFO] --- resources:3.3.1:testResources (default-testResources) @ Interaction ---
[INFO] skip non existing resourceDirectory /home/jvm/Documentos/LetterBook/backend/Interaction/src/test/resources
[INFO] 
[INFO] --- compiler:3.13.0:testCompile (default-testCompile) @ Interaction ---
[INFO] Nothing to compile - all classes are up to date.
[INFO] 
[INFO] <<< spring-boot:3.4.0:run (default-cli) < test-compile @ Interaction <<<
[INFO] 
[INFO] 
[INFO] --- spring-boot:3.4.0:run (default-cli) @ Interaction ---
[INFO] Attaching agents: []

  .   ____          _            __ _ _
 /\\ / ___'_ __ _ _(_)_ __  __ _ \ \ \ \
( ( )\___ | '_ | '_| | '_ \/ _` | \ \ \ \
 \\/  ___)| |_)| | | | | || (_| |  ) ) ) )
  '  |____| .__|_| |_|_| |_\__, | / / / /
 =========|_|==============|___/=/_/_/_/

 :: Spring Boot ::                (v3.4.0)

2025-12-12T06:08:46.246-05:00  INFO 85395 --- [Interaction] [  restartedMain] c.l.interaction.InteractionApplication   : Starting InteractionApplication using Java 21.0.9 with PID 85395 (/home/jvm/Documentos/LetterBook/backend/Interaction/target/classes started by jvm in /home/jvm/Documentos/LetterBook/backend/Interaction)
2025-12-12T06:08:46.255-05:00  INFO 85395 --- [Interaction] [  restartedMain] c.l.interaction.InteractionApplication   : No active profile set, falling back to 1 default profile: "default"
2025-12-12T06:08:46.417-05:00  INFO 85395 --- [Interaction] [  restartedMain] .e.DevToolsPropertyDefaultsPostProcessor : Devtools property defaults active! Set 'spring.devtools.add-properties' to 'false' to disable
2025-12-12T06:08:46.417-05:00  INFO 85395 --- [Interaction] [  restartedMain] .e.DevToolsPropertyDefaultsPostProcessor : For additional web related logging consider setting the 'logging.level.web' property to 'DEBUG'
2025-12-12T06:08:49.516-05:00  INFO 85395 --- [Interaction] [  restartedMain] .s.d.r.c.RepositoryConfigurationDelegate : Bootstrapping Spring Data JPA repositories in DEFAULT mode.
2025-12-12T06:08:49.626-05:00  INFO 85395 --- [Interaction] [  restartedMain] .s.d.r.c.RepositoryConfigurationDelegate : Finished Spring Data repository scanning in 90 ms. Found 3 JPA repository interfaces.
2025-12-12T06:08:51.060-05:00  INFO 85395 --- [Interaction] [  restartedMain] o.s.b.w.embedded.tomcat.TomcatWebServer  : Tomcat initialized with port 8082 (http)
2025-12-12T06:08:51.090-05:00  INFO 85395 --- [Interaction] [  restartedMain] o.apache.catalina.core.StandardService   : Starting service [Tomcat]
2025-12-12T06:08:51.091-05:00  INFO 85395 --- [Interaction] [  restartedMain] o.apache.catalina.core.StandardEngine    : Starting Servlet engine: [Apache Tomcat/10.1.33]
2025-12-12T06:08:51.173-05:00  INFO 85395 --- [Interaction] [  restartedMain] o.a.c.c.C.[Tomcat].[localhost].[/]       : Initializing Spring embedded WebApplicationContext
2025-12-12T06:08:51.175-05:00  INFO 85395 --- [Interaction] [  restartedMain] w.s.c.ServletWebServerApplicationContext : Root WebApplicationContext: initialization completed in 4755 ms
2025-12-12T06:08:51.817-05:00  INFO 85395 --- [Interaction] [  restartedMain] o.hibernate.jpa.internal.util.LogHelper  : HHH000204: Processing PersistenceUnitInfo [name: default]
2025-12-12T06:08:51.896-05:00  INFO 85395 --- [Interaction] [  restartedMain] org.hibernate.Version                    : HHH000412: Hibernate ORM core version 6.6.2.Final
2025-12-12T06:08:51.975-05:00  INFO 85395 --- [Interaction] [  restartedMain] o.h.c.internal.RegionFactoryInitiator    : HHH000026: Second-level cache disabled
2025-12-12T06:08:52.391-05:00  INFO 85395 --- [Interaction] [  restartedMain] o.s.o.j.p.SpringPersistenceUnitInfo      : No LoadTimeWeaver setup: ignoring JPA class transformer
2025-12-12T06:08:52.440-05:00  INFO 85395 --- [Interaction] [  restartedMain] com.zaxxer.hikari.HikariDataSource       : HikariPool-1 - Starting...
2025-12-12T06:08:52.847-05:00  INFO 85395 --- [Interaction] [  restartedMain] com.zaxxer.hikari.pool.HikariPool        : HikariPool-1 - Added connection org.postgresql.jdbc.PgConnection@6077127f
2025-12-12T06:08:52.850-05:00  INFO 85395 --- [Interaction] [  restartedMain] com.zaxxer.hikari.HikariDataSource       : HikariPool-1 - Start completed.
2025-12-12T06:08:52.887-05:00  WARN 85395 --- [Interaction] [  restartedMain] org.hibernate.orm.deprecation            : HHH90000025: PostgreSQLDialect does not need to be specified explicitly using 'hibernate.dialect' (remove the property setting and it will be selected by default)
2025-12-12T06:08:52.907-05:00  INFO 85395 --- [Interaction] [  restartedMain] org.hibernate.orm.connections.pooling    : HHH10001005: Database info:
	Database JDBC URL [Connecting through datasource 'HikariDataSource (HikariPool-1)']
	Database driver: undefined/unknown
	Database version: 16.11
	Autocommit mode: undefined/unknown
	Isolation level: undefined/unknown
	Minimum pool size: undefined/unknown
	Maximum pool size: undefined/unknown
2025-12-12T06:08:54.222-05:00  INFO 85395 --- [Interaction] [  restartedMain] o.h.e.t.j.p.i.JtaPlatformInitiator       : HHH000489: No JTA platform available (set 'hibernate.transaction.jta.platform' to enable JTA platform integration)
2025-12-12T06:08:54.315-05:00  INFO 85395 --- [Interaction] [  restartedMain] j.LocalContainerEntityManagerFactoryBean : Initialized JPA EntityManagerFactory for persistence unit 'default'
2025-12-12T06:08:54.935-05:00  INFO 85395 --- [Interaction] [  restartedMain] o.s.d.j.r.query.QueryEnhancerFactory     : Hibernate is in classpath; If applicable, HQL parser will be used.
2025-12-12T06:08:56.579-05:00  WARN 85395 --- [Interaction] [  restartedMain] .s.s.UserDetailsServiceAutoConfiguration : 

Using generated security password: a61447a4-2268-42f0-8db6-aeef8d50b219

This generated password is for development use only. Your security configuration must be updated before running your application in production.

2025-12-12T06:08:56.593-05:00  INFO 85395 --- [Interaction] [  restartedMain] r$InitializeUserDetailsManagerConfigurer : Global AuthenticationManager configured with UserDetailsService bean with name inMemoryUserDetailsManager
2025-12-12T06:08:56.779-05:00  INFO 85395 --- [Interaction] [  restartedMain] o.s.b.a.e.web.EndpointLinksResolver      : Exposing 1 endpoint beneath base path '/actuator'
2025-12-12T06:08:57.034-05:00  INFO 85395 --- [Interaction] [  restartedMain] o.s.b.d.a.OptionalLiveReloadServer       : LiveReload server is running on port 35729
2025-12-12T06:08:57.140-05:00  INFO 85395 --- [Interaction] [  restartedMain] o.s.b.w.embedded.tomcat.TomcatWebServer  : Tomcat started on port 8082 (http) with context path '/'
2025-12-12T06:08:57.158-05:00  INFO 85395 --- [Interaction] [  restartedMain] c.l.interaction.InteractionApplication   : Started InteractionApplication in 11.817 seconds (process running for 13.025)
