[INFO] Scanning for projects...
[INFO] 
[INFO] ------------------------< com.letterbook:User >-------------------------
[INFO] Building User 0.0.1-SNAPSHOT
[INFO]   from pom.xml
[INFO] --------------------------------[ jar ]---------------------------------
[INFO] 
[INFO] >>> spring-boot:3.4.0:run (default-cli) > test-compile @ User >>>
[INFO] 
[INFO] --- resources:3.3.1:resources (default-resources) @ User ---
[INFO] Copying 1 resource from src/main/resources to build_target/classes
[INFO] Copying 3 resources from src/main/resources to build_target/classes
[INFO] 
[INFO] --- compiler:3.13.0:compile (default-compile) @ User ---
[INFO] Nothing to compile - all classes are up to date.
[INFO] 
[INFO] --- resources:3.3.1:testResources (default-testResources) @ User ---
[INFO] skip non existing resourceDirectory /home/jvm/Documentos/LetterBook/backend/User/src/test/resources
[INFO] 
[INFO] --- compiler:3.13.0:testCompile (default-testCompile) @ User ---
[INFO] Recompiling the module because of changed source code.
[INFO] Compiling 2 source files with javac [debug parameters release 21] to build_target/test-classes
[WARNING] /home/jvm/Documentos/LetterBook/backend/User/src/test/java/com/letterbook/user/api/controller/UserControllerTest.java:[42,6] org.springframework.boot.test.mock.mockito.MockBean in org.springframework.boot.test.mock.mockito has been deprecated and marked for removal
[WARNING] /home/jvm/Documentos/LetterBook/backend/User/src/test/java/com/letterbook/user/api/controller/UserControllerTest.java:[42,6] org.springframework.boot.test.mock.mockito.MockBean in org.springframework.boot.test.mock.mockito has been deprecated and marked for removal
[WARNING] /home/jvm/Documentos/LetterBook/backend/User/src/test/java/com/letterbook/user/api/controller/UserControllerTest.java:[42,6] org.springframework.boot.test.mock.mockito.MockBean in org.springframework.boot.test.mock.mockito has been deprecated and marked for removal
[WARNING] /home/jvm/Documentos/LetterBook/backend/User/src/test/java/com/letterbook/user/api/controller/UserControllerTest.java:[42,6] org.springframework.boot.test.mock.mockito.MockBean in org.springframework.boot.test.mock.mockito has been deprecated and marked for removal
[WARNING] /home/jvm/Documentos/LetterBook/backend/User/src/test/java/com/letterbook/user/api/controller/UserControllerTest.java:[42,6] org.springframework.boot.test.mock.mockito.MockBean in org.springframework.boot.test.mock.mockito has been deprecated and marked for removal
[WARNING] /home/jvm/Documentos/LetterBook/backend/User/src/test/java/com/letterbook/user/api/controller/UserControllerTest.java:[45,6] org.springframework.boot.test.mock.mockito.MockBean in org.springframework.boot.test.mock.mockito has been deprecated and marked for removal
[WARNING] /home/jvm/Documentos/LetterBook/backend/User/src/test/java/com/letterbook/user/api/controller/UserControllerTest.java:[45,6] org.springframework.boot.test.mock.mockito.MockBean in org.springframework.boot.test.mock.mockito has been deprecated and marked for removal
[WARNING] /home/jvm/Documentos/LetterBook/backend/User/src/test/java/com/letterbook/user/api/controller/UserControllerTest.java:[45,6] org.springframework.boot.test.mock.mockito.MockBean in org.springframework.boot.test.mock.mockito has been deprecated and marked for removal
[WARNING] /home/jvm/Documentos/LetterBook/backend/User/src/test/java/com/letterbook/user/api/controller/UserControllerTest.java:[45,6] org.springframework.boot.test.mock.mockito.MockBean in org.springframework.boot.test.mock.mockito has been deprecated and marked for removal
[WARNING] /home/jvm/Documentos/LetterBook/backend/User/src/test/java/com/letterbook/user/api/controller/UserControllerTest.java:[45,6] org.springframework.boot.test.mock.mockito.MockBean in org.springframework.boot.test.mock.mockito has been deprecated and marked for removal
[WARNING] /home/jvm/Documentos/LetterBook/backend/User/src/test/java/com/letterbook/user/api/controller/UserControllerTest.java:[48,6] org.springframework.boot.test.mock.mockito.MockBean in org.springframework.boot.test.mock.mockito has been deprecated and marked for removal
[WARNING] /home/jvm/Documentos/LetterBook/backend/User/src/test/java/com/letterbook/user/api/controller/UserControllerTest.java:[48,6] org.springframework.boot.test.mock.mockito.MockBean in org.springframework.boot.test.mock.mockito has been deprecated and marked for removal
[WARNING] /home/jvm/Documentos/LetterBook/backend/User/src/test/java/com/letterbook/user/api/controller/UserControllerTest.java:[48,6] org.springframework.boot.test.mock.mockito.MockBean in org.springframework.boot.test.mock.mockito has been deprecated and marked for removal
[WARNING] /home/jvm/Documentos/LetterBook/backend/User/src/test/java/com/letterbook/user/api/controller/UserControllerTest.java:[48,6] org.springframework.boot.test.mock.mockito.MockBean in org.springframework.boot.test.mock.mockito has been deprecated and marked for removal
[WARNING] /home/jvm/Documentos/LetterBook/backend/User/src/test/java/com/letterbook/user/api/controller/UserControllerTest.java:[48,6] org.springframework.boot.test.mock.mockito.MockBean in org.springframework.boot.test.mock.mockito has been deprecated and marked for removal
[INFO] 
[INFO] <<< spring-boot:3.4.0:run (default-cli) < test-compile @ User <<<
[INFO] 
[INFO] 
[INFO] --- spring-boot:3.4.0:run (default-cli) @ User ---
[INFO] Attaching agents: []

  .   ____          _            __ _ _
 /\\ / ___'_ __ _ _(_)_ __  __ _ \ \ \ \
( ( )\___ | '_ | '_| | '_ \/ _` | \ \ \ \
 \\/  ___)| |_)| | | | | || (_| |  ) ) ) )
  '  |____| .__|_| |_|_| |_\__, | / / / /
 =========|_|==============|___/=/_/_/_/

 :: Spring Boot ::                (v3.4.0)

2025-12-12T06:08:50.700-05:00  INFO 85747 --- [letterbook_user] [  restartedMain] com.letterbook.user.UserApplication      : Starting UserApplication using Java 21.0.9 with PID 85747 (/home/jvm/Documentos/LetterBook/backend/User/build_target/classes started by jvm in /home/jvm/Documentos/LetterBook/backend/User)
2025-12-12T06:08:50.704-05:00  INFO 85747 --- [letterbook_user] [  restartedMain] com.letterbook.user.UserApplication      : No active profile set, falling back to 1 default profile: "default"
2025-12-12T06:08:50.797-05:00  INFO 85747 --- [letterbook_user] [  restartedMain] o.s.b.devtools.restart.ChangeableUrls    : The Class-Path manifest attribute in /home/jvm/.m2/repository/org/glassfish/hk2/hk2/3.0.6/hk2-3.0.6.jar referenced one or more files that do not exist: file:/home/jvm/.m2/repository/org/glassfish/hk2/hk2/3.0.6/hk2-utils.jar,file:/home/jvm/.m2/repository/org/glassfish/hk2/hk2/3.0.6/jakarta.annotation-api.jar,file:/home/jvm/.m2/repository/org/glassfish/hk2/hk2/3.0.6/jakarta.inject-api.jar,file:/home/jvm/.m2/repository/org/glassfish/hk2/hk2/3.0.6/hk2-api.jar,file:/home/jvm/.m2/repository/org/glassfish/hk2/hk2/3.0.6/aopalliance-repackaged.jar,file:/home/jvm/.m2/repository/org/glassfish/hk2/hk2/3.0.6/hk2-core.jar,file:/home/jvm/.m2/repository/org/glassfish/hk2/hk2/3.0.6/hk2-locator.jar,file:/home/jvm/.m2/repository/org/glassfish/hk2/hk2/3.0.6/javassist.jar,file:/home/jvm/.m2/repository/org/glassfish/hk2/hk2/3.0.6/hk2-runlevel.jar,file:/home/jvm/.m2/repository/org/glassfish/hk2/hk2/3.0.6/class-model.jar,file:/home/jvm/.m2/repository/org/glassfish/hk2/hk2/3.0.6/asm.jar,file:/home/jvm/.m2/repository/org/glassfish/hk2/hk2/3.0.6/asm-analysis.jar,file:/home/jvm/.m2/repository/org/glassfish/hk2/hk2/3.0.6/asm-commons.jar,file:/home/jvm/.m2/repository/org/glassfish/hk2/hk2/3.0.6/asm-tree.jar,file:/home/jvm/.m2/repository/org/glassfish/hk2/hk2/3.0.6/asm-util.jar
2025-12-12T06:08:50.798-05:00  INFO 85747 --- [letterbook_user] [  restartedMain] .e.DevToolsPropertyDefaultsPostProcessor : Devtools property defaults active! Set 'spring.devtools.add-properties' to 'false' to disable
2025-12-12T06:08:50.798-05:00  INFO 85747 --- [letterbook_user] [  restartedMain] .e.DevToolsPropertyDefaultsPostProcessor : For additional web related logging consider setting the 'logging.level.web' property to 'DEBUG'
2025-12-12T06:08:52.929-05:00  INFO 85747 --- [letterbook_user] [  restartedMain] .s.d.r.c.RepositoryConfigurationDelegate : Bootstrapping Spring Data JPA repositories in DEFAULT mode.
2025-12-12T06:08:53.031-05:00  INFO 85747 --- [letterbook_user] [  restartedMain] .s.d.r.c.RepositoryConfigurationDelegate : Finished Spring Data repository scanning in 87 ms. Found 2 JPA repository interfaces.
2025-12-12T06:08:53.797-05:00  WARN 85747 --- [letterbook_user] [  restartedMain] trationDelegate$BeanPostProcessorChecker : Bean 'org.springframework.ws.config.annotation.DelegatingWsConfiguration' of type [org.springframework.ws.config.annotation.DelegatingWsConfiguration$$SpringCGLIB$$0] is not eligible for getting processed by all BeanPostProcessors (for example: not eligible for auto-proxying). The currently created BeanPostProcessor [annotationActionEndpointMapping] is declared through a non-static factory method on that class; consider declaring it as static instead.
2025-12-12T06:08:53.865-05:00  INFO 85747 --- [letterbook_user] [  restartedMain] .w.s.a.s.AnnotationActionEndpointMapping : Supporting [WS-Addressing August 2004, WS-Addressing 1.0]
2025-12-12T06:08:54.666-05:00  INFO 85747 --- [letterbook_user] [  restartedMain] o.s.b.w.embedded.tomcat.TomcatWebServer  : Tomcat initialized with port 8085 (http)
2025-12-12T06:08:54.688-05:00  INFO 85747 --- [letterbook_user] [  restartedMain] o.apache.catalina.core.StandardService   : Starting service [Tomcat]
2025-12-12T06:08:54.689-05:00  INFO 85747 --- [letterbook_user] [  restartedMain] o.apache.catalina.core.StandardEngine    : Starting Servlet engine: [Apache Tomcat/10.1.33]
2025-12-12T06:08:54.744-05:00  INFO 85747 --- [letterbook_user] [  restartedMain] o.a.c.c.C.[Tomcat].[localhost].[/]       : Initializing Spring embedded WebApplicationContext
2025-12-12T06:08:54.745-05:00  INFO 85747 --- [letterbook_user] [  restartedMain] w.s.c.ServletWebServerApplicationContext : Root WebApplicationContext: initialization completed in 3945 ms
2025-12-12T06:08:55.284-05:00  INFO 85747 --- [letterbook_user] [  restartedMain] o.hibernate.jpa.internal.util.LogHelper  : HHH000204: Processing PersistenceUnitInfo [name: default]
2025-12-12T06:08:55.403-05:00  INFO 85747 --- [letterbook_user] [  restartedMain] org.hibernate.Version                    : HHH000412: Hibernate ORM core version 6.6.2.Final
2025-12-12T06:08:55.474-05:00  INFO 85747 --- [letterbook_user] [  restartedMain] o.h.c.internal.RegionFactoryInitiator    : HHH000026: Second-level cache disabled
2025-12-12T06:08:55.915-05:00  INFO 85747 --- [letterbook_user] [  restartedMain] o.s.o.j.p.SpringPersistenceUnitInfo      : No LoadTimeWeaver setup: ignoring JPA class transformer
2025-12-12T06:08:55.967-05:00  INFO 85747 --- [letterbook_user] [  restartedMain] com.zaxxer.hikari.HikariDataSource       : HikariPool-1 - Starting...
2025-12-12T06:08:56.362-05:00  INFO 85747 --- [letterbook_user] [  restartedMain] com.zaxxer.hikari.pool.HikariPool        : HikariPool-1 - Added connection org.postgresql.jdbc.PgConnection@3212ee22
2025-12-12T06:08:56.365-05:00  INFO 85747 --- [letterbook_user] [  restartedMain] com.zaxxer.hikari.HikariDataSource       : HikariPool-1 - Start completed.
2025-12-12T06:08:56.403-05:00  WARN 85747 --- [letterbook_user] [  restartedMain] org.hibernate.orm.deprecation            : HHH90000025: PostgreSQLDialect does not need to be specified explicitly using 'hibernate.dialect' (remove the property setting and it will be selected by default)
2025-12-12T06:08:56.424-05:00  INFO 85747 --- [letterbook_user] [  restartedMain] org.hibernate.orm.connections.pooling    : HHH10001005: Database info:
	Database JDBC URL [Connecting through datasource 'HikariDataSource (HikariPool-1)']
	Database driver: undefined/unknown
	Database version: 16.11
	Autocommit mode: undefined/unknown
	Isolation level: undefined/unknown
	Minimum pool size: undefined/unknown
	Maximum pool size: undefined/unknown
2025-12-12T06:08:57.971-05:00  INFO 85747 --- [letterbook_user] [  restartedMain] o.h.e.t.j.p.i.JtaPlatformInitiator       : HHH000489: No JTA platform available (set 'hibernate.transaction.jta.platform' to enable JTA platform integration)
2025-12-12T06:08:58.056-05:00  INFO 85747 --- [letterbook_user] [  restartedMain] j.LocalContainerEntityManagerFactoryBean : Initialized JPA EntityManagerFactory for persistence unit 'default'
2025-12-12T06:08:58.883-05:00  INFO 85747 --- [letterbook_user] [  restartedMain] r$InitializeUserDetailsManagerConfigurer : Global AuthenticationManager configured with UserDetailsService bean with name userDetailsServiceImpl
2025-12-12T06:08:58.935-05:00  INFO 85747 --- [letterbook_user] [  restartedMain] o.s.d.j.r.query.QueryEnhancerFactory     : Hibernate is in classpath; If applicable, HQL parser will be used.
2025-12-12T06:09:00.747-05:00  INFO 85747 --- [letterbook_user] [  restartedMain] o.s.b.a.e.web.EndpointLinksResolver      : Exposing 1 endpoint beneath base path '/actuator'
2025-12-12T06:09:02.584-05:00  WARN 85747 --- [letterbook_user] [  restartedMain] o.s.b.d.a.OptionalLiveReloadServer       : Unable to start LiveReload server
2025-12-12T06:09:02.726-05:00  INFO 85747 --- [letterbook_user] [  restartedMain] o.s.b.w.embedded.tomcat.TomcatWebServer  : Tomcat started on port 8085 (http) with context path '/'
2025-12-12T06:09:02.749-05:00  INFO 85747 --- [letterbook_user] [  restartedMain] o.s.s.config.TaskSchedulerRouter         : No TaskScheduler/ScheduledExecutorService bean found for scheduled processing
2025-12-12T06:09:02.758-05:00  INFO 85747 --- [letterbook_user] [  restartedMain] com.letterbook.user.UserApplication      : Started UserApplication in 12.651 seconds (process running for 13.44)
2025-12-12T06:11:15.083-05:00  INFO 85747 --- [letterbook_user] [nio-8085-exec-1] o.a.c.c.C.[Tomcat].[localhost].[/]       : Initializing Spring DispatcherServlet 'dispatcherServlet'
2025-12-12T06:11:15.096-05:00  INFO 85747 --- [letterbook_user] [nio-8085-exec-1] o.s.web.servlet.DispatcherServlet        : Initializing Servlet 'dispatcherServlet'
2025-12-12T06:11:15.154-05:00  INFO 85747 --- [letterbook_user] [nio-8085-exec-1] o.s.web.servlet.DispatcherServlet        : Completed initialization in 57 ms
Hibernate: 
    select
        ue1_0.id,
        ue1_0.biografia,
        ue1_0.created_at,
        ue1_0.data_expiracao_token,
        ue1_0.email,
        ue1_0.foto_url,
        ue1_0.nome,
        ue1_0.senha,
        ue1_0.token_recuperacao_senha,
        ue1_0.updated_at 
    from
        core.usuarios ue1_0 
    where
        ue1_0.email=?
Hibernate: 
    select
        ue1_0.id,
        ue1_0.biografia,
        ue1_0.created_at,
        ue1_0.data_expiracao_token,
        ue1_0.email,
        ue1_0.foto_url,
        ue1_0.nome,
        ue1_0.senha,
        ue1_0.token_recuperacao_senha,
        ue1_0.updated_at 
    from
        core.usuarios ue1_0 
    where
        ue1_0.email=?
Hibernate: 
    select
        ue1_0.id,
        ue1_0.biografia,
        ue1_0.created_at,
        ue1_0.data_expiracao_token,
        ue1_0.email,
        ue1_0.foto_url,
        ue1_0.nome,
        ue1_0.senha,
        ue1_0.token_recuperacao_senha,
        ue1_0.updated_at 
    from
        core.usuarios ue1_0 
    where
        ue1_0.id=?
Hibernate: 
    select
        count(*) 
    from
        social.seguidores se1_0 
    where
        se1_0.seguido_id=?
Hibernate: 
    select
        count(*) 
    from
        social.seguidores se1_0 
    where
        se1_0.seguidor_id=?
